[0.108s] DEBUG:colcon:Command line arguments: ['/usr/bin/colcon', 'build', '--symlink-install', '--packages-select', 'ros_basic']
[0.108s] DEBUG:colcon:Parsed command line arguments: Namespace(log_base=None, log_level=None, verb_name='build', build_base='build', install_base='install', merge_install=False, symlink_install=True, test_result_base=None, continue_on_error=False, executor='parallel', parallel_workers=16, event_handlers=None, ignore_user_meta=False, metas=['./colcon.meta'], base_paths=['.'], packages_ignore=None, packages_ignore_regex=None, paths=None, packages_up_to=None, packages_up_to_regex=None, packages_above=None, packages_above_and_dependencies=None, packages_above_depth=None, packages_select_by_dep=None, packages_skip_by_dep=None, packages_skip_up_to=None, packages_select_build_failed=False, packages_skip_build_finished=False, packages_select_test_failures=False, packages_skip_test_passed=False, packages_select=['ros_basic'], packages_skip=None, packages_select_regex=None, packages_skip_regex=None, packages_start=None, packages_end=None, allow_overriding=[], cmake_args=None, cmake_target=None, cmake_target_skip_unavailable=False, cmake_clean_cache=False, cmake_clean_first=False, cmake_force_configure=False, ament_cmake_args=None, catkin_cmake_args=None, catkin_skip_building_tests=False, mixin_files=None, mixin=None, verb_parser=<colcon_mixin.mixin.mixin_argument.MixinArgumentDecorator object at 0x71cc358a0e60>, verb_extension=<colcon_core.verb.build.BuildVerb object at 0x71cc358a0b60>, main=<bound method BuildVerb.main of <colcon_core.verb.build.BuildVerb object at 0x71cc358a0b60>>, mixin_verb=('build',))
[0.147s] Level 1:colcon.colcon_core.package_discovery:discover_packages(colcon_meta) check parameters
[0.147s] Level 1:colcon.colcon_core.package_discovery:discover_packages(recursive) check parameters
[0.147s] Level 1:colcon.colcon_core.package_discovery:discover_packages(ignore) check parameters
[0.147s] Level 1:colcon.colcon_core.package_discovery:discover_packages(path) check parameters
[0.147s] Level 1:colcon.colcon_core.package_discovery:discover_packages(colcon_meta) discover
[0.147s] Level 1:colcon.colcon_core.package_discovery:discover_packages(recursive) discover
[0.147s] INFO:colcon.colcon_core.package_discovery:Crawling recursively for packages in '/home/jamiek/2026_ROS_manipulator'
[0.147s] Level 1:colcon.colcon_core.package_identification:_identify(.) by extensions ['ignore', 'ignore_ament_install']
[0.147s] Level 1:colcon.colcon_core.package_identification:_identify(.) by extension 'ignore'
[0.148s] Level 1:colcon.colcon_core.package_identification:_identify(.) by extension 'ignore_ament_install'
[0.148s] Level 1:colcon.colcon_core.package_identification:_identify(.) by extensions ['colcon_pkg']
[0.148s] Level 1:colcon.colcon_core.package_identification:_identify(.) by extension 'colcon_pkg'
[0.148s] Level 1:colcon.colcon_core.package_identification:_identify(.) by extensions ['colcon_meta']
[0.148s] Level 1:colcon.colcon_core.package_identification:_identify(.) by extension 'colcon_meta'
[0.148s] Level 1:colcon.colcon_core.package_identification:_identify(.) by extensions ['ros']
[0.148s] Level 1:colcon.colcon_core.package_identification:_identify(.) by extension 'ros'
[0.170s] Level 1:colcon.colcon_core.package_identification:_identify(.) by extensions ['cmake', 'python']
[0.170s] Level 1:colcon.colcon_core.package_identification:_identify(.) by extension 'cmake'
[0.170s] Level 1:colcon.colcon_core.package_identification:_identify(.) by extension 'python'
[0.170s] Level 1:colcon.colcon_core.package_identification:_identify(.) by extensions ['python_setup_py']
[0.170s] Level 1:colcon.colcon_core.package_identification:_identify(.) by extension 'python_setup_py'
[0.171s] Level 1:colcon.colcon_core.package_identification:_identify(build) by extensions ['ignore', 'ignore_ament_install']
[0.171s] Level 1:colcon.colcon_core.package_identification:_identify(build) by extension 'ignore'
[0.171s] Level 1:colcon.colcon_core.package_identification:_identify(build) ignored
[0.171s] Level 1:colcon.colcon_core.package_identification:_identify(install) by extensions ['ignore', 'ignore_ament_install']
[0.171s] Level 1:colcon.colcon_core.package_identification:_identify(install) by extension 'ignore'
[0.171s] Level 1:colcon.colcon_core.package_identification:_identify(install) ignored
[0.171s] Level 1:colcon.colcon_core.package_identification:_identify(log) by extensions ['ignore', 'ignore_ament_install']
[0.171s] Level 1:colcon.colcon_core.package_identification:_identify(log) by extension 'ignore'
[0.171s] Level 1:colcon.colcon_core.package_identification:_identify(log) ignored
[0.171s] Level 1:colcon.colcon_core.package_identification:_identify(ros_ws) by extensions ['ignore', 'ignore_ament_install']
[0.171s] Level 1:colcon.colcon_core.package_identification:_identify(ros_ws) by extension 'ignore'
[0.171s] Level 1:colcon.colcon_core.package_identification:_identify(ros_ws) by extension 'ignore_ament_install'
[0.171s] Level 1:colcon.colcon_core.package_identification:_identify(ros_ws) by extensions ['colcon_pkg']
[0.171s] Level 1:colcon.colcon_core.package_identification:_identify(ros_ws) by extension 'colcon_pkg'
[0.171s] Level 1:colcon.colcon_core.package_identification:_identify(ros_ws) by extensions ['colcon_meta']
[0.171s] Level 1:colcon.colcon_core.package_identification:_identify(ros_ws) by extension 'colcon_meta'
[0.172s] Level 1:colcon.colcon_core.package_identification:_identify(ros_ws) by extensions ['ros']
[0.172s] Level 1:colcon.colcon_core.package_identification:_identify(ros_ws) by extension 'ros'
[0.172s] Level 1:colcon.colcon_core.package_identification:_identify(ros_ws) by extensions ['cmake', 'python']
[0.172s] Level 1:colcon.colcon_core.package_identification:_identify(ros_ws) by extension 'cmake'
[0.172s] Level 1:colcon.colcon_core.package_identification:_identify(ros_ws) by extension 'python'
[0.172s] Level 1:colcon.colcon_core.package_identification:_identify(ros_ws) by extensions ['python_setup_py']
[0.172s] Level 1:colcon.colcon_core.package_identification:_identify(ros_ws) by extension 'python_setup_py'
[0.172s] Level 1:colcon.colcon_core.package_identification:_identify(ros_ws/build) by extensions ['ignore', 'ignore_ament_install']
[0.172s] Level 1:colcon.colcon_core.package_identification:_identify(ros_ws/build) by extension 'ignore'
[0.172s] Level 1:colcon.colcon_core.package_identification:_identify(ros_ws/build) ignored
[0.172s] Level 1:colcon.colcon_core.package_identification:_identify(ros_ws/install) by extensions ['ignore', 'ignore_ament_install']
[0.172s] Level 1:colcon.colcon_core.package_identification:_identify(ros_ws/install) by extension 'ignore'
[0.172s] Level 1:colcon.colcon_core.package_identification:_identify(ros_ws/install) ignored
[0.172s] Level 1:colcon.colcon_core.package_identification:_identify(ros_ws/log) by extensions ['ignore', 'ignore_ament_install']
[0.172s] Level 1:colcon.colcon_core.package_identification:_identify(ros_ws/log) by extension 'ignore'
[0.172s] Level 1:colcon.colcon_core.package_identification:_identify(ros_ws/log) ignored
[0.172s] Level 1:colcon.colcon_core.package_identification:_identify(ros_ws/src) by extensions ['ignore', 'ignore_ament_install']
[0.173s] Level 1:colcon.colcon_core.package_identification:_identify(ros_ws/src) by extension 'ignore'
[0.173s] Level 1:colcon.colcon_core.package_identification:_identify(ros_ws/src) by extension 'ignore_ament_install'
[0.173s] Level 1:colcon.colcon_core.package_identification:_identify(ros_ws/src) by extensions ['colcon_pkg']
[0.173s] Level 1:colcon.colcon_core.package_identification:_identify(ros_ws/src) by extension 'colcon_pkg'
[0.173s] Level 1:colcon.colcon_core.package_identification:_identify(ros_ws/src) by extensions ['colcon_meta']
[0.173s] Level 1:colcon.colcon_core.package_identification:_identify(ros_ws/src) by extension 'colcon_meta'
[0.173s] Level 1:colcon.colcon_core.package_identification:_identify(ros_ws/src) by extensions ['ros']
[0.173s] Level 1:colcon.colcon_core.package_identification:_identify(ros_ws/src) by extension 'ros'
[0.173s] Level 1:colcon.colcon_core.package_identification:_identify(ros_ws/src) by extensions ['cmake', 'python']
[0.173s] Level 1:colcon.colcon_core.package_identification:_identify(ros_ws/src) by extension 'cmake'
[0.173s] Level 1:colcon.colcon_core.package_identification:_identify(ros_ws/src) by extension 'python'
[0.173s] Level 1:colcon.colcon_core.package_identification:_identify(ros_ws/src) by extensions ['python_setup_py']
[0.173s] Level 1:colcon.colcon_core.package_identification:_identify(ros_ws/src) by extension 'python_setup_py'
[0.173s] Level 1:colcon.colcon_core.package_identification:_identify(ros_ws/src/ros_basic) by extensions ['ignore', 'ignore_ament_install']
[0.173s] Level 1:colcon.colcon_core.package_identification:_identify(ros_ws/src/ros_basic) by extension 'ignore'
[0.173s] Level 1:colcon.colcon_core.package_identification:_identify(ros_ws/src/ros_basic) by extension 'ignore_ament_install'
[0.173s] Level 1:colcon.colcon_core.package_identification:_identify(ros_ws/src/ros_basic) by extensions ['colcon_pkg']
[0.173s] Level 1:colcon.colcon_core.package_identification:_identify(ros_ws/src/ros_basic) by extension 'colcon_pkg'
[0.173s] Level 1:colcon.colcon_core.package_identification:_identify(ros_ws/src/ros_basic) by extensions ['colcon_meta']
[0.173s] Level 1:colcon.colcon_core.package_identification:_identify(ros_ws/src/ros_basic) by extension 'colcon_meta'
[0.173s] Level 1:colcon.colcon_core.package_identification:_identify(ros_ws/src/ros_basic) by extensions ['ros']
[0.173s] Level 1:colcon.colcon_core.package_identification:_identify(ros_ws/src/ros_basic) by extension 'ros'
[0.175s] DEBUG:colcon.colcon_core.package_identification:Package 'ros_ws/src/ros_basic' with type 'ros.ament_python' and name 'ros_basic'
[0.175s] Level 1:colcon.colcon_core.package_discovery:discover_packages(recursive) using defaults
[0.176s] Level 1:colcon.colcon_core.package_discovery:discover_packages(ignore) discover
[0.176s] Level 1:colcon.colcon_core.package_discovery:discover_packages(ignore) using defaults
[0.176s] Level 1:colcon.colcon_core.package_discovery:discover_packages(path) discover
[0.176s] Level 1:colcon.colcon_core.package_discovery:discover_packages(path) using defaults
[0.192s] Level 1:colcon.colcon_core.package_discovery:discover_packages(prefix_path) check parameters
[0.192s] Level 1:colcon.colcon_core.package_discovery:discover_packages(prefix_path) discover
[0.194s] DEBUG:colcon.colcon_installed_package_information.package_discovery:Found 1 installed packages in /home/jamiek/2026_ROS_manipulator/install
[0.194s] DEBUG:colcon.colcon_installed_package_information.package_discovery:Found 1 installed packages in /home/jamiek/2026_ROS_manipulator/ros_ws/install
[0.195s] DEBUG:colcon.colcon_installed_package_information.package_discovery:Found 287 installed packages in /opt/ros/jazzy
[0.196s] Level 1:colcon.colcon_core.package_discovery:discover_packages(prefix_path) using defaults
[0.235s] Level 5:colcon.colcon_core.verb:set package 'ros_basic' build argument 'cmake_args' from command line to 'None'
[0.235s] Level 5:colcon.colcon_core.verb:set package 'ros_basic' build argument 'cmake_target' from command line to 'None'
[0.235s] Level 5:colcon.colcon_core.verb:set package 'ros_basic' build argument 'cmake_target_skip_unavailable' from command line to 'False'
[0.235s] Level 5:colcon.colcon_core.verb:set package 'ros_basic' build argument 'cmake_clean_cache' from command line to 'False'
[0.235s] Level 5:colcon.colcon_core.verb:set package 'ros_basic' build argument 'cmake_clean_first' from command line to 'False'
[0.235s] Level 5:colcon.colcon_core.verb:set package 'ros_basic' build argument 'cmake_force_configure' from command line to 'False'
[0.235s] Level 5:colcon.colcon_core.verb:set package 'ros_basic' build argument 'ament_cmake_args' from command line to 'None'
[0.235s] Level 5:colcon.colcon_core.verb:set package 'ros_basic' build argument 'catkin_cmake_args' from command line to 'None'
[0.235s] Level 5:colcon.colcon_core.verb:set package 'ros_basic' build argument 'catkin_skip_building_tests' from command line to 'False'
[0.235s] DEBUG:colcon.colcon_core.verb:Building package 'ros_basic' with the following arguments: {'ament_cmake_args': None, 'build_base': '/home/jamiek/2026_ROS_manipulator/build/ros_basic', 'catkin_cmake_args': None, 'catkin_skip_building_tests': False, 'cmake_args': None, 'cmake_clean_cache': False, 'cmake_clean_first': False, 'cmake_force_configure': False, 'cmake_target': None, 'cmake_target_skip_unavailable': False, 'install_base': '/home/jamiek/2026_ROS_manipulator/install/ros_basic', 'merge_install': False, 'path': '/home/jamiek/2026_ROS_manipulator/ros_ws/src/ros_basic', 'symlink_install': True, 'test_result_base': None}
[0.235s] INFO:colcon.colcon_core.executor:Executing jobs using 'parallel' executor
[0.236s] DEBUG:colcon.colcon_parallel_executor.executor.parallel:run_until_complete
[0.236s] INFO:colcon.colcon_ros.task.ament_python.build:Building ROS package in '/home/jamiek/2026_ROS_manipulator/ros_ws/src/ros_basic' with build type 'ament_python'
[0.236s] Level 1:colcon.colcon_core.shell:create_environment_hook('ros_basic', 'ament_prefix_path')
[0.238s] INFO:colcon.colcon_core.plugin_system:Skipping extension 'colcon_core.shell.bat': Not used on non-Windows systems
[0.238s] INFO:colcon.colcon_core.shell:Creating environment hook '/home/jamiek/2026_ROS_manipulator/install/ros_basic/share/ros_basic/hook/ament_prefix_path.ps1'
[0.239s] INFO:colcon.colcon_core.shell:Creating environment descriptor '/home/jamiek/2026_ROS_manipulator/install/ros_basic/share/ros_basic/hook/ament_prefix_path.dsv'
[0.239s] INFO:colcon.colcon_core.shell:Creating environment hook '/home/jamiek/2026_ROS_manipulator/install/ros_basic/share/ros_basic/hook/ament_prefix_path.sh'
[0.240s] INFO:colcon.colcon_core.shell:Skip shell extension 'powershell' for command environment: Not usable outside of PowerShell
[0.240s] DEBUG:colcon.colcon_core.shell:Skip shell extension 'dsv' for command environment
[0.439s] INFO:colcon.colcon_core.task.python.build:Building Python package in '/home/jamiek/2026_ROS_manipulator/ros_ws/src/ros_basic'
[0.439s] INFO:colcon.colcon_core.shell:Skip shell extension 'powershell' for command environment: Not usable outside of PowerShell
[0.439s] DEBUG:colcon.colcon_core.shell:Skip shell extension 'dsv' for command environment
[0.983s] DEBUG:colcon.colcon_core.task.python.build:Available setuptools commands: init_catalog, sdist, compile_catalog, saveopts, install_headers, dist_info, easy_install, clean, bdist, build_scripts, build, build_py, install_egg_info, build_ext, setopt, build_clib, alias, register, editable_wheel, rotate, bdist_dumb, install_scripts, symlink_data, update_catalog, install_lib, install_data, upload, bdist_rpm, install, test, check, bdist_egg, egg_info, upload_docs, extract_messages, develop
[1.285s] DEBUG:colcon.colcon_core.task.python.build:Available setuptools 'develop' options: --install-dir, --script-dir, --no-deps, --user, --prefix, --optimize, --upgrade, --quiet, --help, --force-installation-into-system-dir, --multi-version, --verbose, --build-directory, --find-links, --exclude-scripts, --always-copy, --zip-ok, --allow-hosts, --dry-run, --record, --index-url, --editable, --uninstall, --version, --no-user-cfg, --always-unzip, --site-dirs, --egg-path, --no-find-links, --local-snapshots-ok, --install-layout
[1.287s] DEBUG:colcon.colcon_core.event_handler.log_command:Invoking command in '/home/jamiek/2026_ROS_manipulator/build/ros_basic': DEBUGINFOD_URLS=https://debuginfod.ubuntu.com PYTHONPATH=/home/jamiek/2026_ROS_manipulator/build/ros_basic/prefix_override:/usr/lib/python3/dist-packages/colcon_core/task/python/colcon_distutils_commands:/home/jamiek/2026_ROS_manipulator/install/ros_basic/lib/python3.12/site-packages:${PYTHONPATH} /usr/bin/python3 -W ignore:setup.py install is deprecated -W ignore:easy_install command is deprecated setup.py develop --editable --build-directory /home/jamiek/2026_ROS_manipulator/build/ros_basic/build --no-deps symlink_data
[1.879s] Level 1:colcon.colcon_core.shell:create_environment_hook('ros_basic', 'pythonpath_develop')
[1.879s] INFO:colcon.colcon_core.shell:Creating environment hook '/home/jamiek/2026_ROS_manipulator/build/ros_basic/share/ros_basic/hook/pythonpath_develop.ps1'
[1.880s] DEBUG:colcon.colcon_core.event_handler.log_command:Invoked command in '/home/jamiek/2026_ROS_manipulator/build/ros_basic' returned '0': DEBUGINFOD_URLS=https://debuginfod.ubuntu.com PYTHONPATH=/home/jamiek/2026_ROS_manipulator/build/ros_basic/prefix_override:/usr/lib/python3/dist-packages/colcon_core/task/python/colcon_distutils_commands:/home/jamiek/2026_ROS_manipulator/install/ros_basic/lib/python3.12/site-packages:${PYTHONPATH} /usr/bin/python3 -W ignore:setup.py install is deprecated -W ignore:easy_install command is deprecated setup.py develop --editable --build-directory /home/jamiek/2026_ROS_manipulator/build/ros_basic/build --no-deps symlink_data
[1.880s] INFO:colcon.colcon_core.shell:Creating environment descriptor '/home/jamiek/2026_ROS_manipulator/build/ros_basic/share/ros_basic/hook/pythonpath_develop.dsv'
[1.881s] INFO:colcon.colcon_core.shell:Creating environment hook '/home/jamiek/2026_ROS_manipulator/build/ros_basic/share/ros_basic/hook/pythonpath_develop.sh'
[1.883s] Level 1:colcon.colcon_core.environment:checking '/home/jamiek/2026_ROS_manipulator/install/ros_basic' for CMake module files
[1.883s] Level 1:colcon.colcon_core.environment:checking '/home/jamiek/2026_ROS_manipulator/install/ros_basic' for CMake config files
[1.884s] Level 1:colcon.colcon_core.environment:checking '/home/jamiek/2026_ROS_manipulator/install/ros_basic/lib'
[1.884s] Level 1:colcon.colcon_core.environment:checking '/home/jamiek/2026_ROS_manipulator/install/ros_basic/bin'
[1.884s] Level 1:colcon.colcon_core.environment:checking '/home/jamiek/2026_ROS_manipulator/install/ros_basic/lib/pkgconfig/ros_basic.pc'
[1.884s] Level 1:colcon.colcon_core.environment:checking '/home/jamiek/2026_ROS_manipulator/install/ros_basic/lib/python3.12/site-packages'
[1.884s] Level 1:colcon.colcon_core.shell:create_environment_hook('ros_basic', 'pythonpath')
[1.884s] INFO:colcon.colcon_core.shell:Creating environment hook '/home/jamiek/2026_ROS_manipulator/install/ros_basic/share/ros_basic/hook/pythonpath.ps1'
[1.885s] INFO:colcon.colcon_core.shell:Creating environment descriptor '/home/jamiek/2026_ROS_manipulator/install/ros_basic/share/ros_basic/hook/pythonpath.dsv'
[1.885s] INFO:colcon.colcon_core.shell:Creating environment hook '/home/jamiek/2026_ROS_manipulator/install/ros_basic/share/ros_basic/hook/pythonpath.sh'
[1.886s] Level 1:colcon.colcon_core.environment:checking '/home/jamiek/2026_ROS_manipulator/install/ros_basic/bin'
[1.886s] Level 1:colcon.colcon_core.environment:create_environment_scripts_only(ros_basic)
[1.886s] INFO:colcon.colcon_core.shell:Creating package script '/home/jamiek/2026_ROS_manipulator/install/ros_basic/share/ros_basic/package.ps1'
[1.887s] INFO:colcon.colcon_core.shell:Creating package descriptor '/home/jamiek/2026_ROS_manipulator/install/ros_basic/share/ros_basic/package.dsv'
[1.887s] INFO:colcon.colcon_core.shell:Creating package script '/home/jamiek/2026_ROS_manipulator/install/ros_basic/share/ros_basic/package.sh'
[1.888s] INFO:colcon.colcon_core.shell:Creating package script '/home/jamiek/2026_ROS_manipulator/install/ros_basic/share/ros_basic/package.bash'
[1.888s] INFO:colcon.colcon_core.shell:Creating package script '/home/jamiek/2026_ROS_manipulator/install/ros_basic/share/ros_basic/package.zsh'
[1.889s] Level 1:colcon.colcon_core.environment:create_file_with_runtime_dependencies(/home/jamiek/2026_ROS_manipulator/install/ros_basic/share/colcon-core/packages/ros_basic)
[1.889s] DEBUG:colcon.colcon_parallel_executor.executor.parallel:closing loop
[1.889s] DEBUG:colcon.colcon_parallel_executor.executor.parallel:loop closed
[1.889s] DEBUG:colcon.colcon_parallel_executor.executor.parallel:run_until_complete finished with '0'
[1.889s] DEBUG:colcon.colcon_core.event_reactor:joining thread
[1.894s] INFO:colcon.colcon_core.plugin_system:Skipping extension 'colcon_notification.desktop_notification.terminal_notifier': Not used on non-Darwin systems
[1.894s] INFO:colcon.colcon_core.plugin_system:Skipping extension 'colcon_notification.desktop_notification.win32': Not used on non-Windows systems
[1.894s] INFO:colcon.colcon_notification.desktop_notification:Sending desktop notification using 'notify2'
[1.906s] DEBUG:colcon.colcon_core.event_reactor:joined thread
[1.906s] INFO:colcon.colcon_core.shell:Creating prefix script '/home/jamiek/2026_ROS_manipulator/install/local_setup.ps1'
[1.907s] INFO:colcon.colcon_core.shell:Creating prefix util module '/home/jamiek/2026_ROS_manipulator/install/_local_setup_util_ps1.py'
[1.908s] INFO:colcon.colcon_core.shell:Creating prefix chain script '/home/jamiek/2026_ROS_manipulator/install/setup.ps1'
[1.909s] INFO:colcon.colcon_core.shell:Creating prefix script '/home/jamiek/2026_ROS_manipulator/install/local_setup.sh'
[1.909s] INFO:colcon.colcon_core.shell:Creating prefix util module '/home/jamiek/2026_ROS_manipulator/install/_local_setup_util_sh.py'
[1.910s] INFO:colcon.colcon_core.shell:Creating prefix chain script '/home/jamiek/2026_ROS_manipulator/install/setup.sh'
[1.911s] INFO:colcon.colcon_core.shell:Creating prefix script '/home/jamiek/2026_ROS_manipulator/install/local_setup.bash'
[1.911s] INFO:colcon.colcon_core.shell:Creating prefix chain script '/home/jamiek/2026_ROS_manipulator/install/setup.bash'
[1.912s] INFO:colcon.colcon_core.shell:Creating prefix script '/home/jamiek/2026_ROS_manipulator/install/local_setup.zsh'
[1.912s] INFO:colcon.colcon_core.shell:Creating prefix chain script '/home/jamiek/2026_ROS_manipulator/install/setup.zsh'
