running egg_info
creating ../../build/ros_basic/ros_basic.egg-info
writing ../../build/ros_basic/ros_basic.egg-info/PKG-INFO
writing dependency_links to ../../build/ros_basic/ros_basic.egg-info/dependency_links.txt
writing requirements to ../../build/ros_basic/ros_basic.egg-info/requires.txt
writing top-level names to ../../build/ros_basic/ros_basic.egg-info/top_level.txt
writing manifest file '../../build/ros_basic/ros_basic.egg-info/SOURCES.txt'
reading manifest file '../../build/ros_basic/ros_basic.egg-info/SOURCES.txt'
writing manifest file '../../build/ros_basic/ros_basic.egg-info/SOURCES.txt'
running build
running build_py
creating /home/jamiek/2026_ROS_manipulator/ros_ws/build/ros_basic/build
creating /home/jamiek/2026_ROS_manipulator/ros_ws/build/ros_basic/build/lib
creating /home/jamiek/2026_ROS_manipulator/ros_ws/build/ros_basic/build/lib/ros_basic
copying ros_basic/__init__.py -> /home/jamiek/2026_ROS_manipulator/ros_ws/build/ros_basic/build/lib/ros_basic
running install
running install_lib
creating /home/jamiek/2026_ROS_manipulator/ros_ws/install/ros_basic/lib/python3.12/site-packages/ros_basic
copying /home/jamiek/2026_ROS_manipulator/ros_ws/build/ros_basic/build/lib/ros_basic/__init__.py -> /home/jamiek/2026_ROS_manipulator/ros_ws/install/ros_basic/lib/python3.12/site-packages/ros_basic
byte-compiling /home/jamiek/2026_ROS_manipulator/ros_ws/install/ros_basic/lib/python3.12/site-packages/ros_basic/__init__.py to __init__.cpython-312.pyc
running install_data
creating /home/jamiek/2026_ROS_manipulator/ros_ws/install/ros_basic/share/ament_index
creating /home/jamiek/2026_ROS_manipulator/ros_ws/install/ros_basic/share/ament_index/resource_index
creating /home/jamiek/2026_ROS_manipulator/ros_ws/install/ros_basic/share/ament_index/resource_index/packages
copying resource/ros_basic -> /home/jamiek/2026_ROS_manipulator/ros_ws/install/ros_basic/share/ament_index/resource_index/packages
copying package.xml -> /home/jamiek/2026_ROS_manipulator/ros_ws/install/ros_basic/share/ros_basic
running install_egg_info
Copying ../../build/ros_basic/ros_basic.egg-info to /home/jamiek/2026_ROS_manipulator/ros_ws/install/ros_basic/lib/python3.12/site-packages/ros_basic-0.0.0-py3.12.egg-info
running install_scripts
writing list of installed files to '/home/jamiek/2026_ROS_manipulator/ros_ws/build/ros_basic/install.log'
