[0.825s] Invoking command in '/home/jamiek/2026_ROS_manipulator/ros_ws/src/ros_basic': DEBUGINFOD_URLS=https://debuginfod.ubuntu.com PYTHONPATH=/home/jamiek/2026_ROS_manipulator/ros_ws/build/ros_basic/prefix_override:/usr/lib/python3/dist-packages/colcon_core/task/python/colcon_distutils_commands:/home/jamiek/2026_ROS_manipulator/ros_ws/install/ros_basic/lib/python3.12/site-packages:${PYTHONPATH} /usr/bin/python3 -W ignore:setup.py install is deprecated -W ignore:easy_install command is deprecated setup.py egg_info --egg-base ../../build/ros_basic build --build-base /home/jamiek/2026_ROS_manipulator/ros_ws/build/ros_basic/build install --record /home/jamiek/2026_ROS_manipulator/ros_ws/build/ros_basic/install.log --install-scripts $base/lib/ros_basic --single-version-externally-managed install_data
[1.062s] running egg_info
[1.063s] creating ../../build/ros_basic/ros_basic.egg-info
[1.080s] writing ../../build/ros_basic/ros_basic.egg-info/PKG-INFO
[1.080s] writing dependency_links to ../../build/ros_basic/ros_basic.egg-info/dependency_links.txt
[1.080s] writing requirements to ../../build/ros_basic/ros_basic.egg-info/requires.txt
[1.080s] writing top-level names to ../../build/ros_basic/ros_basic.egg-info/top_level.txt
[1.080s] writing manifest file '../../build/ros_basic/ros_basic.egg-info/SOURCES.txt'
[1.116s] reading manifest file '../../build/ros_basic/ros_basic.egg-info/SOURCES.txt'
[1.117s] writing manifest file '../../build/ros_basic/ros_basic.egg-info/SOURCES.txt'
[1.117s] running build
[1.117s] running build_py
[1.117s] creating /home/jamiek/2026_ROS_manipulator/ros_ws/build/ros_basic/build
[1.117s] creating /home/jamiek/2026_ROS_manipulator/ros_ws/build/ros_basic/build/lib
[1.118s] creating /home/jamiek/2026_ROS_manipulator/ros_ws/build/ros_basic/build/lib/ros_basic
[1.118s] copying ros_basic/__init__.py -> /home/jamiek/2026_ROS_manipulator/ros_ws/build/ros_basic/build/lib/ros_basic
[1.118s] running install
[1.123s] running install_lib
[1.142s] creating /home/jamiek/2026_ROS_manipulator/ros_ws/install/ros_basic/lib/python3.12/site-packages/ros_basic
[1.142s] copying /home/jamiek/2026_ROS_manipulator/ros_ws/build/ros_basic/build/lib/ros_basic/__init__.py -> /home/jamiek/2026_ROS_manipulator/ros_ws/install/ros_basic/lib/python3.12/site-packages/ros_basic
[1.142s] byte-compiling /home/jamiek/2026_ROS_manipulator/ros_ws/install/ros_basic/lib/python3.12/site-packages/ros_basic/__init__.py to __init__.cpython-312.pyc
[1.143s] running install_data
[1.143s] creating /home/jamiek/2026_ROS_manipulator/ros_ws/install/ros_basic/share/ament_index
[1.143s] creating /home/jamiek/2026_ROS_manipulator/ros_ws/install/ros_basic/share/ament_index/resource_index
[1.143s] creating /home/jamiek/2026_ROS_manipulator/ros_ws/install/ros_basic/share/ament_index/resource_index/packages
[1.143s] copying resource/ros_basic -> /home/jamiek/2026_ROS_manipulator/ros_ws/install/ros_basic/share/ament_index/resource_index/packages
[1.143s] copying package.xml -> /home/jamiek/2026_ROS_manipulator/ros_ws/install/ros_basic/share/ros_basic
[1.143s] running install_egg_info
[1.162s] Copying ../../build/ros_basic/ros_basic.egg-info to /home/jamiek/2026_ROS_manipulator/ros_ws/install/ros_basic/lib/python3.12/site-packages/ros_basic-0.0.0-py3.12.egg-info
[1.163s] running install_scripts
[1.289s] writing list of installed files to '/home/jamiek/2026_ROS_manipulator/ros_ws/build/ros_basic/install.log'
[1.307s] Invoked command in '/home/jamiek/2026_ROS_manipulator/ros_ws/src/ros_basic' returned '0': DEBUGINFOD_URLS=https://debuginfod.ubuntu.com PYTHONPATH=/home/jamiek/2026_ROS_manipulator/ros_ws/build/ros_basic/prefix_override:/usr/lib/python3/dist-packages/colcon_core/task/python/colcon_distutils_commands:/home/jamiek/2026_ROS_manipulator/ros_ws/install/ros_basic/lib/python3.12/site-packages:${PYTHONPATH} /usr/bin/python3 -W ignore:setup.py install is deprecated -W ignore:easy_install command is deprecated setup.py egg_info --egg-base ../../build/ros_basic build --build-base /home/jamiek/2026_ROS_manipulator/ros_ws/build/ros_basic/build install --record /home/jamiek/2026_ROS_manipulator/ros_ws/build/ros_basic/install.log --install-scripts $base/lib/ros_basic --single-version-externally-managed install_data
